<?xml version="1.0" encoding="UTF-8"?>
<testsuite xmlns:xsi="http://www.w3.org/2001/XMLSchema-instance" xsi:noNamespaceSchemaLocation="https://maven.apache.org/surefire/maven-surefire-plugin/xsd/surefire-test-report-3.0.xsd" version="3.0" name="runner.TestRunner" time="16.533" tests="9" errors="3" skipped="0" failures="0">
  <properties>
[...]
</properties>
  <testcase name="Given User is on Retail website" classname="Scenario: Register an Account test case" time="0.002"/>
  <testcase name="When User click  on MyAccount" classname="Scenario: Register an Account test case" time="0"/>
  <testcase name="And User click on Register option" classname="Scenario: Register an Account test case" time="0"/>
  <testcase name="And User fill the Registration form with Below information" classname="Scenario: Register an Account test case" time="0"/>
  <testcase name="And User accept the privacy and policy" classname="Scenario: Register an Account test case" time="0"/>
  <testcase name="And User click on Continue button" classname="Scenario: Register an Account test case" time="0"/>
  <testcase name="Then User should be registered in Retail Website" classname="Scenario: Register an Account test case" time="0.004">
    <error type="java.lang.NullPointerException">java.lang.NullPointerException
</error>
  </testcase>
  <testcase name="Scenario: Register an Account test case" classname="Scenario: Register an Account test case" time="0.004">
    <error type="java.lang.NullPointerException">java.lang.NullPointerException
</error>
  </testcase>
  <testcase name="Scenario: Register an Account test case" classname="Scenario: Register an Account test case" time="4.08">
    <error message="chrome not reachable&#10;  (Session info: chrome=88.0.4324.146)&#10;Build info: version: &apos;3.7.0&apos;, revision: &apos;2321c73&apos;, time: &apos;2017-11-02T22:22:35.584Z&apos;&#10;System info: host: &apos;DESKTOP-CNQMBI4&apos;, ip: &apos;192.168.0.191&apos;, os.name: &apos;Windows 10&apos;, os.arch: &apos;amd64&apos;, os.version: &apos;10.0&apos;, java.version: &apos;14.0.2&apos;&#10;Driver info: org.openqa.selenium.chrome.ChromeDriver&#10;Capabilities {acceptInsecureCerts: false, browserName: chrome, browserVersion: 88.0.4324.146, chrome: {chromedriverVersion: 88.0.4324.96 (68dba2d8a0b14..., userDataDir: C:\Users\ROMA\AppData\Local...}, goog:chromeOptions: {debuggerAddress: localhost:59546}, javascriptEnabled: true, networkConnectionEnabled: false, pageLoadStrategy: normal, platform: WINDOWS, platformName: WINDOWS, proxy: Proxy(), setWindowRect: true, strictFileInteractability: false, timeouts: {implicit: 0, pageLoad: 300000, script: 30000}, unhandledPromptBehavior: dismiss and notify, webauthn:extension:largeBlob: true, webauthn:virtualAuthenticators: true}&#10;Session ID: 8c22aa20fc16d3787af2d79609755946" type="org.openqa.selenium.WebDriverException">org.openqa.selenium.WebDriverException: 
chrome not reachable
  (Session info: chrome=88.0.4324.146)
Build info: version: '3.7.0', revision: '2321c73', time: '2017-11-02T22:22:35.584Z'
System info: host: 'DESKTOP-CNQMBI4', ip: '192.168.0.191', os.name: 'Windows 10', os.arch: 'amd64', os.version: '10.0', java.version: '14.0.2'
Driver info: org.openqa.selenium.chrome.ChromeDriver
Capabilities {acceptInsecureCerts: false, browserName: chrome, browserVersion: 88.0.4324.146, chrome: {chromedriverVersion: 88.0.4324.96 (68dba2d8a0b14..., userDataDir: C:\Users\ROMA\AppData\Local...}, goog:chromeOptions: {debuggerAddress: localhost:59546}, javascriptEnabled: true, networkConnectionEnabled: false, pageLoadStrategy: normal, platform: WINDOWS, platformName: WINDOWS, proxy: Proxy(), setWindowRect: true, strictFileInteractability: false, timeouts: {implicit: 0, pageLoad: 300000, script: 30000}, unhandledPromptBehavior: dismiss and notify, webauthn:extension:largeBlob: true, webauthn:virtualAuthenticators: true}
Session ID: 8c22aa20fc16d3787af2d79609755946
</error>
  </testcase>
</testsuite>